   1               		.file	"main.c"
   2               	__SREG__ = 0x3f
   3               	__SP_H__ = 0x3e
   4               	__SP_L__ = 0x3d
   5               	__CCP__  = 0x34
   6               	__tmp_reg__ = 0
   7               	__zero_reg__ = 1
  15               	.Ltext0:
  16               	.global	main
  18               	main:
  19               	.LFB6:
  20               	.LM1:
  21               	/* prologue: function */
  22               	/* frame size = 0 */
  23               	.LM2:
  24 0000 88EE      		ldi r24,lo8(1000)
  25 0002 93E0      		ldi r25,hi8(1000)
  26 0004 0E94 0000 		call Timebase_Init
  27               	.LM3:
  28 0008 60E8      		ldi r22,lo8(9600)
  29 000a 75E2      		ldi r23,hi8(9600)
  30 000c 80E0      		ldi r24,hlo8(9600)
  31 000e 90E0      		ldi r25,hhi8(9600)
  32 0010 0E94 0000 		call UART_Init
  33               	.LM4:
  34 0014 0E94 0000 		call LPF_Init
  35               	.L2:
  36 0018 00C0      		rjmp .L2
  37               	.LFE6:
  63               	.Letext0:
DEFINED SYMBOLS
                            *ABS*:00000000 main.c
C:\Users\WALTON~1\AppData\Local\Temp/ccm1N9OP.s:2      *ABS*:0000003f __SREG__
C:\Users\WALTON~1\AppData\Local\Temp/ccm1N9OP.s:3      *ABS*:0000003e __SP_H__
C:\Users\WALTON~1\AppData\Local\Temp/ccm1N9OP.s:4      *ABS*:0000003d __SP_L__
C:\Users\WALTON~1\AppData\Local\Temp/ccm1N9OP.s:5      *ABS*:00000034 __CCP__
C:\Users\WALTON~1\AppData\Local\Temp/ccm1N9OP.s:6      *ABS*:00000000 __tmp_reg__
C:\Users\WALTON~1\AppData\Local\Temp/ccm1N9OP.s:7      *ABS*:00000001 __zero_reg__
C:\Users\WALTON~1\AppData\Local\Temp/ccm1N9OP.s:18     .text:00000000 main

UNDEFINED SYMBOLS
Timebase_Init
UART_Init
LPF_Init
